<?xml version="1.0" encoding="UTF-8"?>
<robot generator="Robot 7.0 (Python 3.12.6 on win32)" generated="2024-11-07T22:16:10.565714" rpa="false" schemaversion="5">
<suite id="s1" name="Login" source="F:\ORANGEHRM\LOGIN\Testsuite\Login.robot">
<test id="s1-t1" name="TC_ID_01" line="20">
<kw name="Open OrangeHRM Application" owner="ControlKeywords" type="SETUP">
<kw name="Open Browser" owner="SeleniumLibrary">
<msg time="2024-11-07T22:16:11.226196" level="INFO">Opening browser 'Chrome' to base url 'https://opensource-demo.orangehrmlive.com'.</msg>
<arg>${Url}</arg>
<arg>${Browser}</arg>
<doc>Opens a new browser instance to the optional ``url``.</doc>
<status status="PASS" start="2024-11-07T22:16:11.225066" elapsed="7.337477"/>
</kw>
<kw name="Maximize Browser Window" owner="SeleniumLibrary">
<doc>Maximizes current browser window.</doc>
<status status="PASS" start="2024-11-07T22:16:18.563506" elapsed="0.050862"/>
</kw>
<kw name="Set Selenium Implicit Wait" owner="SeleniumLibrary">
<arg>30s</arg>
<doc>Sets the implicit wait value used by Selenium.</doc>
<status status="PASS" start="2024-11-07T22:16:18.615372" elapsed="0.002987"/>
</kw>
<kw name="Set Selenium Speed" owner="SeleniumLibrary">
<arg>0.1s</arg>
<doc>Sets the delay that is waited after each Selenium command.</doc>
<status status="PASS" start="2024-11-07T22:16:18.619356" elapsed="0.003989"/>
</kw>
<kw name="Sleep" owner="BuiltIn">
<msg time="2024-11-07T22:16:23.624568" level="INFO">Slept 5 seconds.</msg>
<arg>5s</arg>
<doc>Pauses the test executed for the given time.</doc>
<status status="PASS" start="2024-11-07T22:16:18.623345" elapsed="5.001223"/>
</kw>
<kw name="Capture Page Screenshot" owner="SeleniumLibrary">
<msg time="2024-11-07T22:16:23.911154" level="INFO" html="true">&lt;/td&gt;&lt;/tr&gt;&lt;tr&gt;&lt;td colspan="3"&gt;&lt;a href="HOMEPAGE.png"&gt;&lt;img src="HOMEPAGE.png" width="800px"&gt;&lt;/a&gt;</msg>
<arg>HOMEPAGE.png</arg>
<doc>Takes a screenshot of the current page and embeds it into a log file.</doc>
<status status="PASS" start="2024-11-07T22:16:23.625672" elapsed="0.285482"/>
</kw>
<arg>${OrangeHRM_Url}</arg>
<arg>${Browser}</arg>
<status status="PASS" start="2024-11-07T22:16:11.222849" elapsed="12.688305"/>
</kw>
<kw name="Get From Dictionary" owner="Collections">
<msg time="2024-11-07T22:16:23.914146" level="INFO">${TestCaseSheetMap} = TC_ID_01</msg>
<var>${TestCaseSheetMap}</var>
<arg>${TestCaseLoginVal}</arg>
<arg>TC_ID_01</arg>
<doc>Returns a value from the given ``dictionary`` based on the given ``key``.</doc>
<status status="PASS" start="2024-11-07T22:16:23.913147" elapsed="0.000999"/>
</kw>
<kw name="Read Excel MainSheet" owner="ReadExcel">
<msg time="2024-11-07T22:16:23.931454" level="INFO">TestCaseName
UserName
Password
TestCaseName
TC_ID_01
UserName
Admin
Password
admin123</msg>
<msg time="2024-11-07T22:16:23.932547" level="INFO">${dictionary} = {'TestCaseName': 'TC_ID_01', 'UserName': 'Admin', 'Password': 'admin123'}</msg>
<var>${dictionary}</var>
<arg>${EXCEL}</arg>
<arg>${LoginSheet}</arg>
<arg>${TestCaseSheetMap}</arg>
<status status="PASS" start="2024-11-07T22:16:23.916141" elapsed="0.016406"/>
</kw>
<kw name="Enter Username" owner="ControlKeywords">
<kw name="Wait Until Page Contains Element" owner="SeleniumLibrary">
<arg>${InpUserName}</arg>
<doc>Waits until the element ``locator`` appears on the current page.</doc>
<status status="PASS" start="2024-11-07T22:16:23.934682" elapsed="0.133304"/>
</kw>
<kw name="Click Element" owner="SeleniumLibrary">
<msg time="2024-11-07T22:16:24.069082" level="INFO">Clicking element '//input[@name='username']'.</msg>
<arg>${InpUserName}</arg>
<doc>Click the element identified by ``locator``.</doc>
<status status="PASS" start="2024-11-07T22:16:24.067986" elapsed="0.372935"/>
</kw>
<kw name="Input Text" owner="SeleniumLibrary">
<msg time="2024-11-07T22:16:24.441802" level="INFO">Typing text 'Admin' into text field '//input[@name='username']'.</msg>
<arg>${InpUserName}</arg>
<arg>${UserNameVal}</arg>
<doc>Types the given ``text`` into the text field identified by ``locator``.</doc>
<status status="PASS" start="2024-11-07T22:16:24.440921" elapsed="0.572336"/>
</kw>
<kw name="Set Selenium Speed" owner="SeleniumLibrary">
<arg>0.1s</arg>
<doc>Sets the delay that is waited after each Selenium command.</doc>
<status status="PASS" start="2024-11-07T22:16:25.014424" elapsed="0.001254"/>
</kw>
<arg>${dictionary['UserName']}</arg>
<status status="PASS" start="2024-11-07T22:16:23.932547" elapsed="1.083131"/>
</kw>
<kw name="Enter Password" owner="ControlKeywords">
<kw name="Wait Until Page Contains Element" owner="SeleniumLibrary">
<arg>${InpPwd}</arg>
<doc>Waits until the element ``locator`` appears on the current page.</doc>
<status status="PASS" start="2024-11-07T22:16:25.025606" elapsed="0.143307"/>
</kw>
<kw name="Click Element" owner="SeleniumLibrary">
<msg time="2024-11-07T22:16:25.171525" level="INFO">Clicking element '//input[@name='password']'.</msg>
<arg>${InpPwd}</arg>
<doc>Click the element identified by ``locator``.</doc>
<status status="PASS" start="2024-11-07T22:16:25.170269" elapsed="0.367746"/>
</kw>
<kw name="Input Password" owner="SeleniumLibrary">
<msg time="2024-11-07T22:16:25.539327" level="INFO">Typing password into text field '//input[@name='password']'.</msg>
<msg time="2024-11-07T22:16:25.873203" level="INFO">Temporally setting log level to: NONE</msg>
<arg>${InpPwd}</arg>
<arg>${PwdVal}</arg>
<doc>Types the given password into the text field identified by ``locator``.</doc>
<status status="PASS" start="2024-11-07T22:16:25.539039" elapsed="0.525675"/>
</kw>
<kw name="Set Selenium Speed" owner="SeleniumLibrary">
<arg>0.1s</arg>
<doc>Sets the delay that is waited after each Selenium command.</doc>
<status status="PASS" start="2024-11-07T22:16:26.064714" elapsed="0.001241"/>
</kw>
<arg>${dictionary['Password']}</arg>
<status status="PASS" start="2024-11-07T22:16:25.018079" elapsed="1.047876"/>
</kw>
<kw name="Click LogIn Button" owner="ControlKeywords">
<kw name="Sleep" owner="BuiltIn">
<msg time="2024-11-07T22:16:28.068072" level="INFO">Slept 2 seconds.</msg>
<arg>2s</arg>
<doc>Pauses the test executed for the given time.</doc>
<status status="PASS" start="2024-11-07T22:16:26.068013" elapsed="2.000059"/>
</kw>
<kw name="Click Element" owner="SeleniumLibrary">
<msg time="2024-11-07T22:16:28.069143" level="INFO">Clicking element '//button[@type='submit']'.</msg>
<arg>${BtnLogin}</arg>
<doc>Click the element identified by ``locator``.</doc>
<status status="PASS" start="2024-11-07T22:16:28.068072" elapsed="2.126223"/>
</kw>
<status status="PASS" start="2024-11-07T22:16:26.066954" elapsed="4.127341"/>
</kw>
<kw name="Validate response after successful login" owner="ControlKeywords">
<kw name="Wait Until Page Contains Element" owner="SeleniumLibrary">
<arg>${MainMenu}</arg>
<doc>Waits until the element ``locator`` appears on the current page.</doc>
<status status="PASS" start="2024-11-07T22:16:30.195295" elapsed="0.852643"/>
</kw>
<kw name="Capture Page Screenshot" owner="SeleniumLibrary">
<msg time="2024-11-07T22:16:32.080514" level="INFO" html="true">&lt;/td&gt;&lt;/tr&gt;&lt;tr&gt;&lt;td colspan="3"&gt;&lt;a href="SUCCESS_LOGIN.png"&gt;&lt;img src="SUCCESS_LOGIN.png" width="800px"&gt;&lt;/a&gt;</msg>
<arg>SUCCESS_LOGIN.png</arg>
<doc>Takes a screenshot of the current page and embeds it into a log file.</doc>
<status status="PASS" start="2024-11-07T22:16:31.047938" elapsed="1.033574"/>
</kw>
<kw name="Sleep" owner="BuiltIn">
<msg time="2024-11-07T22:16:33.084746" level="INFO">Slept 1 second.</msg>
<arg>1s</arg>
<doc>Pauses the test executed for the given time.</doc>
<status status="PASS" start="2024-11-07T22:16:32.083506" elapsed="1.001240"/>
</kw>
<kw name="Get Text" owner="SeleniumLibrary">
<msg time="2024-11-07T22:16:33.626292" level="INFO">${Msg} = Dashboard</msg>
<var>${Msg}</var>
<arg>${MainPageHeader}</arg>
<doc>Returns the text value of the element identified by ``locator``.</doc>
<status status="PASS" start="2024-11-07T22:16:33.085744" elapsed="0.540548"/>
</kw>
<kw name="Log To Console" owner="BuiltIn">
<arg>${Msg}</arg>
<doc>Logs the given message to the console.</doc>
<status status="PASS" start="2024-11-07T22:16:33.627289" elapsed="0.001995"/>
</kw>
<kw name="Should Be Equal" owner="BuiltIn">
<arg>${Msg}</arg>
<arg>${ExpectedTitle}</arg>
<doc>Fails if the given objects are unequal.</doc>
<status status="PASS" start="2024-11-07T22:16:33.629284" elapsed="0.000998"/>
</kw>
<status status="PASS" start="2024-11-07T22:16:30.195295" elapsed="3.434987"/>
</kw>
<kw name="Close Browser" owner="SeleniumLibrary" type="TEARDOWN">
<doc>Closes the current browser.</doc>
<status status="PASS" start="2024-11-07T22:16:33.631278" elapsed="2.539568"/>
</kw>
<doc>Verification of Valid Login</doc>
<tag>Done</tag>
<tag>Regression</tag>
<tag>TC_ID_01</tag>
<status status="PASS" start="2024-11-07T22:16:11.220729" elapsed="24.952562"/>
</test>
<test id="s1-t2" name="TC_ID_02" line="30">
<kw name="Open OrangeHRM Application" owner="ControlKeywords" type="SETUP">
<kw name="Open Browser" owner="SeleniumLibrary">
<msg time="2024-11-07T22:16:36.183415" level="INFO">Opening browser 'Chrome' to base url 'https://opensource-demo.orangehrmlive.com'.</msg>
<arg>${Url}</arg>
<arg>${Browser}</arg>
<doc>Opens a new browser instance to the optional ``url``.</doc>
<status status="PASS" start="2024-11-07T22:16:36.182278" elapsed="6.329824"/>
</kw>
<kw name="Maximize Browser Window" owner="SeleniumLibrary">
<doc>Maximizes current browser window.</doc>
<status status="PASS" start="2024-11-07T22:16:42.512102" elapsed="0.184996"/>
</kw>
<kw name="Set Selenium Implicit Wait" owner="SeleniumLibrary">
<arg>30s</arg>
<doc>Sets the implicit wait value used by Selenium.</doc>
<status status="PASS" start="2024-11-07T22:16:42.697098" elapsed="0.105531"/>
</kw>
<kw name="Set Selenium Speed" owner="SeleniumLibrary">
<arg>0.1s</arg>
<doc>Sets the delay that is waited after each Selenium command.</doc>
<status status="PASS" start="2024-11-07T22:16:42.802629" elapsed="0.001000"/>
</kw>
<kw name="Sleep" owner="BuiltIn">
<msg time="2024-11-07T22:16:47.805397" level="INFO">Slept 5 seconds.</msg>
<arg>5s</arg>
<doc>Pauses the test executed for the given time.</doc>
<status status="PASS" start="2024-11-07T22:16:42.803629" elapsed="5.001768"/>
</kw>
<kw name="Capture Page Screenshot" owner="SeleniumLibrary">
<msg time="2024-11-07T22:16:48.177959" level="INFO" html="true">&lt;/td&gt;&lt;/tr&gt;&lt;tr&gt;&lt;td colspan="3"&gt;&lt;a href="HOMEPAGE.png"&gt;&lt;img src="HOMEPAGE.png" width="800px"&gt;&lt;/a&gt;</msg>
<arg>HOMEPAGE.png</arg>
<doc>Takes a screenshot of the current page and embeds it into a log file.</doc>
<status status="PASS" start="2024-11-07T22:16:47.805397" elapsed="0.373560"/>
</kw>
<arg>${OrangeHRM_Url}</arg>
<arg>${Browser}</arg>
<status status="PASS" start="2024-11-07T22:16:36.181059" elapsed="11.997898"/>
</kw>
<kw name="Get From Dictionary" owner="Collections">
<msg time="2024-11-07T22:16:48.179955" level="INFO">${TestCaseSheetMap} = TC_ID_02</msg>
<var>${TestCaseSheetMap}</var>
<arg>${TestCaseLoginVal}</arg>
<arg>TC_ID_02</arg>
<doc>Returns a value from the given ``dictionary`` based on the given ``key``.</doc>
<status status="PASS" start="2024-11-07T22:16:48.179955" elapsed="0.000000"/>
</kw>
<kw name="Read Excel MainSheet" owner="ReadExcel">
<msg time="2024-11-07T22:16:48.190946" level="INFO">TestCaseName
UserName
Password
TestCaseName
TC_ID_02
UserName
Admin
Password
admin</msg>
<msg time="2024-11-07T22:16:48.191923" level="INFO">${dictionary} = {'TestCaseName': 'TC_ID_02', 'UserName': 'Admin', 'Password': 'admin'}</msg>
<var>${dictionary}</var>
<arg>${EXCEL}</arg>
<arg>${LoginSheet}</arg>
<arg>${TestCaseSheetMap}</arg>
<status status="PASS" start="2024-11-07T22:16:48.181949" elapsed="0.009974"/>
</kw>
<kw name="Enter Username" owner="ControlKeywords">
<kw name="Wait Until Page Contains Element" owner="SeleniumLibrary">
<arg>${InpUserName}</arg>
<doc>Waits until the element ``locator`` appears on the current page.</doc>
<status status="PASS" start="2024-11-07T22:16:48.195916" elapsed="0.170329"/>
</kw>
<kw name="Click Element" owner="SeleniumLibrary">
<msg time="2024-11-07T22:16:48.366245" level="INFO">Clicking element '//input[@name='username']'.</msg>
<arg>${InpUserName}</arg>
<doc>Click the element identified by ``locator``.</doc>
<status status="PASS" start="2024-11-07T22:16:48.366245" elapsed="0.482798"/>
</kw>
<kw name="Input Text" owner="SeleniumLibrary">
<msg time="2024-11-07T22:16:48.850040" level="INFO">Typing text 'Admin' into text field '//input[@name='username']'.</msg>
<arg>${InpUserName}</arg>
<arg>${UserNameVal}</arg>
<doc>Types the given ``text`` into the text field identified by ``locator``.</doc>
<status status="PASS" start="2024-11-07T22:16:48.849043" elapsed="0.512812"/>
</kw>
<kw name="Set Selenium Speed" owner="SeleniumLibrary">
<arg>0.1s</arg>
<doc>Sets the delay that is waited after each Selenium command.</doc>
<status status="PASS" start="2024-11-07T22:16:49.361855" elapsed="0.000997"/>
</kw>
<arg>${dictionary['UserName']}</arg>
<status status="PASS" start="2024-11-07T22:16:48.192920" elapsed="1.169932"/>
</kw>
<kw name="Enter Password" owner="ControlKeywords">
<kw name="Wait Until Page Contains Element" owner="SeleniumLibrary">
<arg>${InpPwd}</arg>
<doc>Waits until the element ``locator`` appears on the current page.</doc>
<status status="PASS" start="2024-11-07T22:16:49.363849" elapsed="0.123374"/>
</kw>
<kw name="Click Element" owner="SeleniumLibrary">
<msg time="2024-11-07T22:16:49.488220" level="INFO">Clicking element '//input[@name='password']'.</msg>
<arg>${InpPwd}</arg>
<doc>Click the element identified by ``locator``.</doc>
<status status="PASS" start="2024-11-07T22:16:49.487223" elapsed="0.568914"/>
</kw>
<kw name="Input Password" owner="SeleniumLibrary">
<msg time="2024-11-07T22:16:50.056137" level="INFO">Typing password into text field '//input[@name='password']'.</msg>
<msg time="2024-11-07T22:16:50.309736" level="INFO">Temporally setting log level to: NONE</msg>
<arg>${InpPwd}</arg>
<arg>${PwdVal}</arg>
<doc>Types the given password into the text field identified by ``locator``.</doc>
<status status="PASS" start="2024-11-07T22:16:50.056137" elapsed="0.488373"/>
</kw>
<kw name="Set Selenium Speed" owner="SeleniumLibrary">
<arg>0.1s</arg>
<doc>Sets the delay that is waited after each Selenium command.</doc>
<status status="PASS" start="2024-11-07T22:16:50.544510" elapsed="0.000999"/>
</kw>
<arg>${dictionary['Password']}</arg>
<status status="PASS" start="2024-11-07T22:16:49.362852" elapsed="1.182657"/>
</kw>
<kw name="Click LogIn Button" owner="ControlKeywords">
<kw name="Sleep" owner="BuiltIn">
<msg time="2024-11-07T22:16:52.548795" level="INFO">Slept 2 seconds.</msg>
<arg>2s</arg>
<doc>Pauses the test executed for the given time.</doc>
<status status="PASS" start="2024-11-07T22:16:50.547658" elapsed="2.001137"/>
</kw>
<kw name="Click Element" owner="SeleniumLibrary">
<msg time="2024-11-07T22:16:52.549790" level="INFO">Clicking element '//button[@type='submit']'.</msg>
<arg>${BtnLogin}</arg>
<doc>Click the element identified by ``locator``.</doc>
<status status="PASS" start="2024-11-07T22:16:52.548795" elapsed="2.001181"/>
</kw>
<status status="PASS" start="2024-11-07T22:16:50.547658" elapsed="4.003316"/>
</kw>
<kw name="Validate response after Invalid login" owner="ControlKeywords">
<kw name="Wait Until Page Contains Element" owner="SeleniumLibrary">
<arg>${MsgInvalidLogin}</arg>
<doc>Waits until the element ``locator`` appears on the current page.</doc>
<status status="PASS" start="2024-11-07T22:16:54.590867" elapsed="0.454950"/>
</kw>
<kw name="Capture Page Screenshot" owner="SeleniumLibrary">
<msg time="2024-11-07T22:16:55.691696" level="INFO" html="true">&lt;/td&gt;&lt;/tr&gt;&lt;tr&gt;&lt;td colspan="3"&gt;&lt;a href="INVALID_LOGIN.png"&gt;&lt;img src="INVALID_LOGIN.png" width="800px"&gt;&lt;/a&gt;</msg>
<arg>INVALID_LOGIN.png</arg>
<doc>Takes a screenshot of the current page and embeds it into a log file.</doc>
<status status="PASS" start="2024-11-07T22:16:55.046805" elapsed="0.644891"/>
</kw>
<kw name="Sleep" owner="BuiltIn">
<msg time="2024-11-07T22:16:56.792826" level="INFO">Slept 1 second.</msg>
<arg>1s</arg>
<doc>Pauses the test executed for the given time.</doc>
<status status="PASS" start="2024-11-07T22:16:55.791641" elapsed="1.001185"/>
</kw>
<kw name="Get Text" owner="SeleniumLibrary">
<msg time="2024-11-07T22:16:57.066479" level="INFO">${Msg} = Invalid credentials</msg>
<var>${Msg}</var>
<arg>${MsgInvalidLogin}</arg>
<doc>Returns the text value of the element identified by ``locator``.</doc>
<status status="PASS" start="2024-11-07T22:16:56.792826" elapsed="0.273653"/>
</kw>
<kw name="Should Be Equal" owner="BuiltIn">
<arg>${Msg}</arg>
<arg>${ExpectedInvalidMsg}</arg>
<doc>Fails if the given objects are unequal.</doc>
<status status="PASS" start="2024-11-07T22:16:57.067476" elapsed="0.000997"/>
</kw>
<status status="PASS" start="2024-11-07T22:16:54.588872" elapsed="2.480598"/>
</kw>
<kw name="Close Browser" owner="SeleniumLibrary" type="TEARDOWN">
<doc>Closes the current browser.</doc>
<status status="PASS" start="2024-11-07T22:16:57.072463" elapsed="2.463756"/>
</kw>
<doc>Verification of Invalid  Login - Invalid UserName</doc>
<tag>Done</tag>
<tag>Regression</tag>
<tag>TC_ID_02</tag>
<status status="PASS" start="2024-11-07T22:16:36.177779" elapsed="23.360869"/>
</test>
<test id="s1-t3" name="TC_ID_03" line="40">
<kw name="Open OrangeHRM Application" owner="ControlKeywords" type="SETUP">
<kw name="Open Browser" owner="SeleniumLibrary">
<msg time="2024-11-07T22:16:59.548951" level="INFO">Opening browser 'Chrome' to base url 'https://opensource-demo.orangehrmlive.com'.</msg>
<arg>${Url}</arg>
<arg>${Browser}</arg>
<doc>Opens a new browser instance to the optional ``url``.</doc>
<status status="PASS" start="2024-11-07T22:16:59.547799" elapsed="6.260820"/>
</kw>
<kw name="Maximize Browser Window" owner="SeleniumLibrary">
<doc>Maximizes current browser window.</doc>
<status status="PASS" start="2024-11-07T22:17:05.808619" elapsed="0.144501"/>
</kw>
<kw name="Set Selenium Implicit Wait" owner="SeleniumLibrary">
<arg>30s</arg>
<doc>Sets the implicit wait value used by Selenium.</doc>
<status status="PASS" start="2024-11-07T22:17:05.954111" elapsed="0.105559"/>
</kw>
<kw name="Set Selenium Speed" owner="SeleniumLibrary">
<arg>0.1s</arg>
<doc>Sets the delay that is waited after each Selenium command.</doc>
<status status="PASS" start="2024-11-07T22:17:06.059670" elapsed="0.000000"/>
</kw>
<kw name="Sleep" owner="BuiltIn">
<msg time="2024-11-07T22:17:11.061515" level="INFO">Slept 5 seconds.</msg>
<arg>5s</arg>
<doc>Pauses the test executed for the given time.</doc>
<status status="PASS" start="2024-11-07T22:17:06.060670" elapsed="5.000845"/>
</kw>
<kw name="Capture Page Screenshot" owner="SeleniumLibrary">
<msg time="2024-11-07T22:17:11.382962" level="INFO" html="true">&lt;/td&gt;&lt;/tr&gt;&lt;tr&gt;&lt;td colspan="3"&gt;&lt;a href="HOMEPAGE.png"&gt;&lt;img src="HOMEPAGE.png" width="800px"&gt;&lt;/a&gt;</msg>
<arg>HOMEPAGE.png</arg>
<doc>Takes a screenshot of the current page and embeds it into a log file.</doc>
<status status="PASS" start="2024-11-07T22:17:11.062690" elapsed="0.320272"/>
</kw>
<arg>${OrangeHRM_Url}</arg>
<arg>${Browser}</arg>
<status status="PASS" start="2024-11-07T22:16:59.545495" elapsed="11.837467"/>
</kw>
<kw name="Get From Dictionary" owner="Collections">
<msg time="2024-11-07T22:17:11.383961" level="INFO">${TestCaseSheetMap} = TC_ID_03</msg>
<var>${TestCaseSheetMap}</var>
<arg>${TestCaseLoginVal}</arg>
<arg>TC_ID_03</arg>
<doc>Returns a value from the given ``dictionary`` based on the given ``key``.</doc>
<status status="PASS" start="2024-11-07T22:17:11.383961" elapsed="0.001085"/>
</kw>
<kw name="Read Excel MainSheet" owner="ReadExcel">
<msg time="2024-11-07T22:17:11.389045" level="INFO">TestCaseName
UserName
Password
TestCaseName
TC_ID_03
UserName

Password</msg>
<msg time="2024-11-07T22:17:11.390035" level="INFO">${dictionary} = {'TestCaseName': 'TC_ID_03', 'UserName': '', 'Password': ''}</msg>
<var>${dictionary}</var>
<arg>${EXCEL}</arg>
<arg>${LoginSheet}</arg>
<arg>${TestCaseSheetMap}</arg>
<status status="PASS" start="2024-11-07T22:17:11.385046" elapsed="0.004989"/>
</kw>
<kw name="Sleep" owner="BuiltIn">
<msg time="2024-11-07T22:17:12.391249" level="INFO">Slept 1 second.</msg>
<arg>1s</arg>
<doc>Pauses the test executed for the given time.</doc>
<status status="PASS" start="2024-11-07T22:17:11.391031" elapsed="1.000218"/>
</kw>
<kw name="Click LogIn Button" owner="ControlKeywords">
<kw name="Sleep" owner="BuiltIn">
<msg time="2024-11-07T22:17:14.393625" level="INFO">Slept 2 seconds.</msg>
<arg>2s</arg>
<doc>Pauses the test executed for the given time.</doc>
<status status="PASS" start="2024-11-07T22:17:12.393501" elapsed="2.000124"/>
</kw>
<kw name="Click Element" owner="SeleniumLibrary">
<msg time="2024-11-07T22:17:14.394714" level="INFO">Clicking element '//button[@type='submit']'.</msg>
<arg>${BtnLogin}</arg>
<doc>Click the element identified by ``locator``.</doc>
<status status="PASS" start="2024-11-07T22:17:14.393625" elapsed="0.409074"/>
</kw>
<status status="PASS" start="2024-11-07T22:17:12.392353" elapsed="2.410346"/>
</kw>
<kw name="Validate response after Invalid login- Blank Values" owner="ControlKeywords">
<kw name="Wait Until Page Contains Element" owner="SeleniumLibrary">
<arg>${MsgBlankUsername}</arg>
<doc>Waits until the element ``locator`` appears on the current page.</doc>
<status status="PASS" start="2024-11-07T22:17:14.815074" elapsed="0.136744"/>
</kw>
<kw name="Wait Until Page Contains Element" owner="SeleniumLibrary">
<arg>${MsgBlankPwd}</arg>
<doc>Waits until the element ``locator`` appears on the current page.</doc>
<status status="PASS" start="2024-11-07T22:17:14.951818" elapsed="0.127158"/>
</kw>
<kw name="Capture Page Screenshot" owner="SeleniumLibrary">
<msg time="2024-11-07T22:17:15.367228" level="INFO" html="true">&lt;/td&gt;&lt;/tr&gt;&lt;tr&gt;&lt;td colspan="3"&gt;&lt;a href="BLANK.png"&gt;&lt;img src="BLANK.png" width="800px"&gt;&lt;/a&gt;</msg>
<arg>BLANK.png</arg>
<doc>Takes a screenshot of the current page and embeds it into a log file.</doc>
<status status="PASS" start="2024-11-07T22:17:15.078976" elapsed="0.288252"/>
</kw>
<kw name="Sleep" owner="BuiltIn">
<msg time="2024-11-07T22:17:16.368406" level="INFO">Slept 1 second.</msg>
<arg>1s</arg>
<doc>Pauses the test executed for the given time.</doc>
<status status="PASS" start="2024-11-07T22:17:15.367228" elapsed="1.001178"/>
</kw>
<kw name="Get Text" owner="SeleniumLibrary">
<msg time="2024-11-07T22:17:16.611699" level="INFO">${BlankUsernameMsg} = Required</msg>
<var>${BlankUsernameMsg}</var>
<arg>${MsgBlankUsername}</arg>
<doc>Returns the text value of the element identified by ``locator``.</doc>
<status status="PASS" start="2024-11-07T22:17:16.368406" elapsed="0.243293"/>
</kw>
<kw name="Should Be Equal" owner="BuiltIn">
<arg>${BlankUsernameMsg}</arg>
<arg>${ExpectedBlankMsg}</arg>
<doc>Fails if the given objects are unequal.</doc>
<status status="PASS" start="2024-11-07T22:17:16.611699" elapsed="0.000000"/>
</kw>
<kw name="Get Text" owner="SeleniumLibrary">
<msg time="2024-11-07T22:17:16.840950" level="INFO">${BlankPwdMsg} = Required</msg>
<var>${BlankPwdMsg}</var>
<arg>${MsgBlankPwd}</arg>
<doc>Returns the text value of the element identified by ``locator``.</doc>
<status status="PASS" start="2024-11-07T22:17:16.611699" elapsed="0.229251"/>
</kw>
<kw name="Should Be Equal" owner="BuiltIn">
<arg>${BlankPwdMsg}</arg>
<arg>${ExpectedBlankMsg}</arg>
<doc>Fails if the given objects are unequal.</doc>
<status status="PASS" start="2024-11-07T22:17:16.840950" elapsed="0.002998"/>
</kw>
<status status="PASS" start="2024-11-07T22:17:14.810081" elapsed="2.033867"/>
</kw>
<kw name="Close Browser" owner="SeleniumLibrary" type="TEARDOWN">
<doc>Closes the current browser.</doc>
<status status="PASS" start="2024-11-07T22:17:16.846940" elapsed="2.365748"/>
</kw>
<doc>Verification of Invalid  Login - Blank Values</doc>
<tag>Done</tag>
<tag>Regression</tag>
<tag>TC_ID_03</tag>
<status status="PASS" start="2024-11-07T22:16:59.543240" elapsed="19.670602"/>
</test>
<test id="s1-t4" name="TC_ID_04" line="49">
<kw name="Open OrangeHRM Application" owner="ControlKeywords" type="SETUP">
<kw name="Open Browser" owner="SeleniumLibrary">
<msg time="2024-11-07T22:17:19.314853" level="INFO">Opening browser 'Chrome' to base url 'https://opensource-demo.orangehrmlive.com'.</msg>
<arg>${Url}</arg>
<arg>${Browser}</arg>
<doc>Opens a new browser instance to the optional ``url``.</doc>
<status status="PASS" start="2024-11-07T22:17:19.314853" elapsed="6.060919"/>
</kw>
<kw name="Maximize Browser Window" owner="SeleniumLibrary">
<doc>Maximizes current browser window.</doc>
<status status="PASS" start="2024-11-07T22:17:25.375772" elapsed="0.149408"/>
</kw>
<kw name="Set Selenium Implicit Wait" owner="SeleniumLibrary">
<arg>30s</arg>
<doc>Sets the implicit wait value used by Selenium.</doc>
<status status="PASS" start="2024-11-07T22:17:25.525180" elapsed="0.101892"/>
</kw>
<kw name="Set Selenium Speed" owner="SeleniumLibrary">
<arg>0.1s</arg>
<doc>Sets the delay that is waited after each Selenium command.</doc>
<status status="PASS" start="2024-11-07T22:17:25.627072" elapsed="0.000000"/>
</kw>
<kw name="Sleep" owner="BuiltIn">
<msg time="2024-11-07T22:17:30.629145" level="INFO">Slept 5 seconds.</msg>
<arg>5s</arg>
<doc>Pauses the test executed for the given time.</doc>
<status status="PASS" start="2024-11-07T22:17:25.627072" elapsed="5.002073"/>
</kw>
<kw name="Capture Page Screenshot" owner="SeleniumLibrary">
<msg time="2024-11-07T22:17:30.946221" level="INFO" html="true">&lt;/td&gt;&lt;/tr&gt;&lt;tr&gt;&lt;td colspan="3"&gt;&lt;a href="HOMEPAGE.png"&gt;&lt;img src="HOMEPAGE.png" width="800px"&gt;&lt;/a&gt;</msg>
<arg>HOMEPAGE.png</arg>
<doc>Takes a screenshot of the current page and embeds it into a log file.</doc>
<status status="PASS" start="2024-11-07T22:17:30.630342" elapsed="0.315879"/>
</kw>
<arg>${OrangeHRM_Url}</arg>
<arg>${Browser}</arg>
<status status="PASS" start="2024-11-07T22:17:19.314853" elapsed="11.631368"/>
</kw>
<kw name="Get From Dictionary" owner="Collections">
<msg time="2024-11-07T22:17:30.947326" level="INFO">${TestCaseSheetMap} = TC_ID_04</msg>
<var>${TestCaseSheetMap}</var>
<arg>${TestCaseLoginVal}</arg>
<arg>TC_ID_04</arg>
<doc>Returns a value from the given ``dictionary`` based on the given ``key``.</doc>
<status status="PASS" start="2024-11-07T22:17:30.947326" elapsed="0.000000"/>
</kw>
<kw name="Read Excel MainSheet" owner="ReadExcel">
<msg time="2024-11-07T22:17:30.950476" level="INFO">TestCaseName
UserName
Password
TestCaseName
TC_ID_04
UserName
Admin
Password
admin123</msg>
<msg time="2024-11-07T22:17:30.951561" level="INFO">${dictionary} = {'TestCaseName': 'TC_ID_04', 'UserName': 'Admin', 'Password': 'admin123'}</msg>
<var>${dictionary}</var>
<arg>${EXCEL}</arg>
<arg>${LoginSheet}</arg>
<arg>${TestCaseSheetMap}</arg>
<status status="PASS" start="2024-11-07T22:17:30.948325" elapsed="0.003236"/>
</kw>
<kw name="Enter Username" owner="ControlKeywords">
<kw name="Wait Until Page Contains Element" owner="SeleniumLibrary">
<arg>${InpUserName}</arg>
<doc>Waits until the element ``locator`` appears on the current page.</doc>
<status status="PASS" start="2024-11-07T22:17:30.953636" elapsed="0.126855"/>
</kw>
<kw name="Click Element" owner="SeleniumLibrary">
<msg time="2024-11-07T22:17:31.082060" level="INFO">Clicking element '//input[@name='username']'.</msg>
<arg>${InpUserName}</arg>
<doc>Click the element identified by ``locator``.</doc>
<status status="PASS" start="2024-11-07T22:17:31.081486" elapsed="0.336466"/>
</kw>
<kw name="Input Text" owner="SeleniumLibrary">
<msg time="2024-11-07T22:17:31.419948" level="INFO">Typing text 'Admin' into text field '//input[@name='username']'.</msg>
<arg>${InpUserName}</arg>
<arg>${UserNameVal}</arg>
<doc>Types the given ``text`` into the text field identified by ``locator``.</doc>
<status status="PASS" start="2024-11-07T22:17:31.417952" elapsed="0.556084"/>
</kw>
<kw name="Set Selenium Speed" owner="SeleniumLibrary">
<arg>0.1s</arg>
<doc>Sets the delay that is waited after each Selenium command.</doc>
<status status="PASS" start="2024-11-07T22:17:31.974036" elapsed="0.000000"/>
</kw>
<arg>${dictionary['UserName']}</arg>
<status status="PASS" start="2024-11-07T22:17:30.951561" elapsed="1.023563"/>
</kw>
<kw name="Enter Password" owner="ControlKeywords">
<kw name="Wait Until Page Contains Element" owner="SeleniumLibrary">
<arg>${InpPwd}</arg>
<doc>Waits until the element ``locator`` appears on the current page.</doc>
<status status="PASS" start="2024-11-07T22:17:31.980489" elapsed="0.134894"/>
</kw>
<kw name="Click Element" owner="SeleniumLibrary">
<msg time="2024-11-07T22:17:32.116382" level="INFO">Clicking element '//input[@name='password']'.</msg>
<arg>${InpPwd}</arg>
<doc>Click the element identified by ``locator``.</doc>
<status status="PASS" start="2024-11-07T22:17:32.116382" elapsed="0.368596"/>
</kw>
<kw name="Input Password" owner="SeleniumLibrary">
<msg time="2024-11-07T22:17:32.484978" level="INFO">Typing password into text field '//input[@name='password']'.</msg>
<msg time="2024-11-07T22:17:32.762321" level="INFO">Temporally setting log level to: NONE</msg>
<arg>${InpPwd}</arg>
<arg>${PwdVal}</arg>
<doc>Types the given password into the text field identified by ``locator``.</doc>
<status status="PASS" start="2024-11-07T22:17:32.484978" elapsed="0.447189"/>
</kw>
<kw name="Set Selenium Speed" owner="SeleniumLibrary">
<arg>0.1s</arg>
<doc>Sets the delay that is waited after each Selenium command.</doc>
<status status="PASS" start="2024-11-07T22:17:32.932167" elapsed="0.000000"/>
</kw>
<arg>${dictionary['Password']}</arg>
<status status="PASS" start="2024-11-07T22:17:31.977121" elapsed="0.955046"/>
</kw>
<kw name="Click LogIn Button" owner="ControlKeywords">
<kw name="Sleep" owner="BuiltIn">
<msg time="2024-11-07T22:17:34.934822" level="INFO">Slept 2 seconds.</msg>
<arg>2s</arg>
<doc>Pauses the test executed for the given time.</doc>
<status status="PASS" start="2024-11-07T22:17:32.934214" elapsed="2.000608"/>
</kw>
<kw name="Click Element" owner="SeleniumLibrary">
<msg time="2024-11-07T22:17:34.935819" level="INFO">Clicking element '//button[@type='submit']'.</msg>
<arg>${BtnLogin}</arg>
<doc>Click the element identified by ``locator``.</doc>
<status status="PASS" start="2024-11-07T22:17:34.934822" elapsed="2.196418"/>
</kw>
<status status="PASS" start="2024-11-07T22:17:32.933215" elapsed="4.198025"/>
</kw>
<kw name="Validate response after successful login" owner="ControlKeywords">
<kw name="Wait Until Page Contains Element" owner="SeleniumLibrary">
<arg>${MainMenu}</arg>
<doc>Waits until the element ``locator`` appears on the current page.</doc>
<status status="PASS" start="2024-11-07T22:17:37.134233" elapsed="0.614708"/>
</kw>
<kw name="Capture Page Screenshot" owner="SeleniumLibrary">
<msg time="2024-11-07T22:17:38.504503" level="INFO" html="true">&lt;/td&gt;&lt;/tr&gt;&lt;tr&gt;&lt;td colspan="3"&gt;&lt;a href="SUCCESS_LOGIN.png"&gt;&lt;img src="SUCCESS_LOGIN.png" width="800px"&gt;&lt;/a&gt;</msg>
<arg>SUCCESS_LOGIN.png</arg>
<doc>Takes a screenshot of the current page and embeds it into a log file.</doc>
<status status="PASS" start="2024-11-07T22:17:37.749944" elapsed="0.754559"/>
</kw>
<kw name="Sleep" owner="BuiltIn">
<msg time="2024-11-07T22:17:39.506110" level="INFO">Slept 1 second.</msg>
<arg>1s</arg>
<doc>Pauses the test executed for the given time.</doc>
<status status="PASS" start="2024-11-07T22:17:38.504503" elapsed="1.001607"/>
</kw>
<kw name="Get Text" owner="SeleniumLibrary">
<msg time="2024-11-07T22:17:40.115701" level="INFO">${Msg} = Dashboard</msg>
<var>${Msg}</var>
<arg>${MainPageHeader}</arg>
<doc>Returns the text value of the element identified by ``locator``.</doc>
<status status="PASS" start="2024-11-07T22:17:39.513090" elapsed="0.602611"/>
</kw>
<kw name="Log To Console" owner="BuiltIn">
<arg>${Msg}</arg>
<doc>Logs the given message to the console.</doc>
<status status="PASS" start="2024-11-07T22:17:40.115701" elapsed="0.001097"/>
</kw>
<kw name="Should Be Equal" owner="BuiltIn">
<arg>${Msg}</arg>
<arg>${ExpectedTitle}</arg>
<doc>Fails if the given objects are unequal.</doc>
<status status="PASS" start="2024-11-07T22:17:40.212197" elapsed="0.000999"/>
</kw>
<status status="PASS" start="2024-11-07T22:17:37.133240" elapsed="3.079956"/>
</kw>
<kw name="Verify that the user can log out successfully" owner="ControlKeywords">
<kw name="Click Element" owner="SeleniumLibrary">
<msg time="2024-11-07T22:17:40.216494" level="INFO">Clicking element '//li[@class='oxd-userdropdown']'.</msg>
<arg>${DrpUser}</arg>
<doc>Click the element identified by ``locator``.</doc>
<status status="PASS" start="2024-11-07T22:17:40.215269" elapsed="0.332079"/>
</kw>
<kw name="Click Element" owner="SeleniumLibrary">
<msg time="2024-11-07T22:17:40.548347" level="INFO">Clicking element '//a[text()='Logout']'.</msg>
<arg>${DrpLogOut}</arg>
<doc>Click the element identified by ``locator``.</doc>
<status status="PASS" start="2024-11-07T22:17:40.547348" elapsed="1.785171"/>
</kw>
<kw name="Set Selenium Speed" owner="SeleniumLibrary">
<arg>2s</arg>
<doc>Sets the delay that is waited after each Selenium command.</doc>
<status status="PASS" start="2024-11-07T22:17:42.332519" elapsed="0.000992"/>
</kw>
<kw name="Get Text" owner="SeleniumLibrary">
<msg time="2024-11-07T22:17:46.752361" level="INFO">${LoginTitle} = Login</msg>
<var>${LoginTitle}</var>
<arg>${LoginHeader}</arg>
<doc>Returns the text value of the element identified by ``locator``.</doc>
<status status="PASS" start="2024-11-07T22:17:42.333511" elapsed="4.418850"/>
</kw>
<kw name="Should Be Equal" owner="BuiltIn">
<arg>${LoginTitle}</arg>
<arg>Login</arg>
<doc>Fails if the given objects are unequal.</doc>
<status status="PASS" start="2024-11-07T22:17:46.752361" elapsed="0.000000"/>
</kw>
<status status="PASS" start="2024-11-07T22:17:40.214271" elapsed="6.539310"/>
</kw>
<kw name="Close Browser" owner="SeleniumLibrary" type="TEARDOWN">
<doc>Closes the current browser.</doc>
<status status="PASS" start="2024-11-07T22:17:46.754611" elapsed="4.158940"/>
</kw>
<doc>Verify that the user can log out successfully</doc>
<tag>Done</tag>
<tag>Regression</tag>
<tag>TC_ID_04</tag>
<status status="PASS" start="2024-11-07T22:17:19.313863" elapsed="31.603089"/>
</test>
<status status="PASS" start="2024-11-07T22:16:10.567774" elapsed="100.375622"/>
</suite>
<statistics>
<total>
<stat pass="4" fail="0" skip="0">All Tests</stat>
</total>
<tag>
<stat pass="4" fail="0" skip="0">Done</stat>
<stat pass="4" fail="0" skip="0">Regression</stat>
<stat pass="1" fail="0" skip="0">TC_ID_01</stat>
<stat pass="1" fail="0" skip="0">TC_ID_02</stat>
<stat pass="1" fail="0" skip="0">TC_ID_03</stat>
<stat pass="1" fail="0" skip="0">TC_ID_04</stat>
</tag>
<suite>
<stat pass="4" fail="0" skip="0" id="s1" name="Login">Login</stat>
</suite>
</statistics>
<errors>
<msg time="2024-11-07T22:16:11.040541" level="ERROR">Error in file 'F:\ORANGEHRM\LOGIN\Testsuite\Login.robot' on line 5: Invalid resource file extension '.py'. Supported extensions are '.json', '.resource', '.rest', '.robot', '.rsrc', '.rst', '.tsv' and '.txt'.</msg>
<msg time="2024-11-07T22:16:11.053352" level="ERROR">Error in file 'F:\ORANGEHRM\LOGIN\Keywords\ControlKeywords.robot' on line 4: Variable file '..\Resources\ApplicationData.py' does not exist.</msg>
<msg time="2024-11-07T22:16:11.206821" level="WARN">Imported library 'F:\ORANGEHRM\LOGIN\PageObjects\CommonElement.py' contains no keywords.</msg>
</errors>
</robot>
